<?xml version="1.0" encoding="UTF-8"?>
<!-- Generated by org.testng.reporters.JUnitReportReporter -->
<testsuite hostname="Md-Ebrahim" failures="0" tests="1" name="me.ebrahimhossain.CheckboxHandle" time="13.123" errors="0" timestamp="2024-08-11T11:53:22 EDT" skipped="0">
  <testcase classname="me.ebrahimhossain.CheckboxHandle" name="checkAll" time="13.123"/>
</testsuite> <!-- me.ebrahimhossain.CheckboxHandle -->
