<?xml version="1.0" encoding="UTF-8"?>
<!-- Generated by org.testng.reporters.JUnitReportReporter -->
<testsuite hostname="Md-Ebrahim" failures="0" tests="2" name="me.ebrahimhossain.FrameHandle" time="7.355" errors="0" timestamp="2024-08-19T05:47:53 EDT" skipped="0">
  <testcase classname="me.ebrahimhossain.FrameHandle" name="countIframe" time="3.042"/>
  <testcase classname="me.ebrahimhossain.FrameHandle" name="switchToFrame" time="4.313"/>
</testsuite> <!-- me.ebrahimhossain.FrameHandle -->
