<?xml version="1.0" encoding="UTF-8"?>
<!-- Generated by org.testng.reporters.JUnitReportReporter -->
<testsuite hostname="Md-Ebrahim" failures="0" tests="1" name="me.ebrahimhossain.NavigationCommand" time="19.518" errors="0" timestamp="2024-08-11T12:39:32 EDT" skipped="0">
  <testcase classname="me.ebrahimhossain.NavigationCommand" name="navigation" time="19.518"/>
</testsuite> <!-- me.ebrahimhossain.NavigationCommand -->
