<?xml version="1.0" encoding="UTF-8"?>
<!-- Generated by org.testng.reporters.JUnitReportReporter -->
<testsuite hostname="Md-Ebrahim" failures="0" tests="1" name="me.ebrahimhossain.DropDownHandle" time="6.817" errors="0" timestamp="2024-08-11T12:05:29 EDT" skipped="0">
  <testcase classname="me.ebrahimhossain.DropDownHandle" name="selectByVisibleText" time="6.817"/>
</testsuite> <!-- me.ebrahimhossain.DropDownHandle -->
