<?xml version="1.0" encoding="UTF-8"?>
<!-- Generated by org.testng.reporters.JUnitReportReporter -->
<testsuite hostname="Md-Ebrahim" failures="0" tests="1" name="me.ebrahimhossain.ScrollHandling" time="30.757" errors="0" timestamp="2024-08-11T12:18:17 EDT" skipped="0">
  <testcase classname="me.ebrahimhossain.ScrollHandling" name="scrollToSpecificLocator" time="30.757"/>
</testsuite> <!-- me.ebrahimhossain.ScrollHandling -->
