<?xml version="1.0" encoding="UTF-8"?>
<!-- Generated by org.testng.reporters.JUnitReportReporter -->
<testsuite hostname="Md-Ebrahim" failures="0" tests="1" name="me.ebrahimhossain.WindowHandling" time="19.251" errors="0" timestamp="2024-08-18T11:52:43 EDT" skipped="0">
  <testcase classname="me.ebrahimhossain.WindowHandling" name="createNewTab" time="19.251"/>
</testsuite> <!-- me.ebrahimhossain.WindowHandling -->
