<?xml version="1.0" encoding="UTF-8"?>
<!-- Generated by org.testng.reporters.JUnitReportReporter -->
<testsuite hostname="Md-Ebrahim" failures="0" tests="1" name="me.ebrahimhossain.HoverHandle" time="34.085" errors="0" timestamp="2024-08-11T12:23:33 EDT" skipped="0">
  <testcase classname="me.ebrahimhossain.HoverHandle" name="hover" time="34.085"/>
</testsuite> <!-- me.ebrahimhossain.HoverHandle -->
