<?xml version="1.0" encoding="UTF-8"?>
<!-- Generated by org.testng.reporters.JUnitReportReporter -->
<testsuite hostname="Md-Ebrahim" failures="0" tests="1" name="me.ebrahimhossain.KeyboardEvents" time="17.637" errors="0" timestamp="2024-08-11T12:33:10 EDT" skipped="0">
  <testcase classname="me.ebrahimhossain.KeyboardEvents" name="keyboardAction" time="17.637"/>
</testsuite> <!-- me.ebrahimhossain.KeyboardEvents -->
