<?xml version="1.0" encoding="UTF-8"?>
<!-- Generated by org.testng.reporters.JUnitReportReporter -->
<testsuite hostname="Md-Ebrahim" failures="0" tests="1" name="me.ebrahimhossain.WaitExamples" time="5.068" errors="0" timestamp="2024-08-18T11:14:43 EDT" skipped="0">
  <testcase classname="me.ebrahimhossain.WaitExamples" name="waitExample" time="5.068"/>
</testsuite> <!-- me.ebrahimhossain.WaitExamples -->
