<?xml version="1.0" encoding="UTF-8"?>
<!-- Generated by org.testng.reporters.JUnitReportReporter -->
<testsuite hostname="Md-Ebrahim" failures="0" tests="1" name="me.ebrahimhossain.TabHandling" time="19.206" errors="0" timestamp="2024-08-18T11:49:09 EDT" skipped="0">
  <testcase classname="me.ebrahimhossain.TabHandling" name="createNewTab" time="19.206"/>
</testsuite> <!-- me.ebrahimhossain.TabHandling -->
