<?xml version="1.0" encoding="UTF-8"?>
<!-- Generated by org.testng.reporters.JUnitReportReporter -->
<testsuite hostname="Md-Ebrahim" failures="0" tests="1" name="me.ebrahimhossain.ChromeBrowserTest" time="0.618" errors="0" timestamp="2024-08-10T11:51:08 EDT" skipped="0">
  <testcase classname="me.ebrahimhossain.ChromeBrowserTest" name="openURL" time="0.618"/>
</testsuite> <!-- me.ebrahimhossain.ChromeBrowserTest -->
