<?xml version="1.0" encoding="UTF-8"?>
<!-- Generated by org.testng.reporters.JUnitReportReporter -->
<testsuite hostname="Md-Ebrahim" failures="0" tests="1" name="me.ebrahimhossain.Locators" time="8.565" errors="0" timestamp="2024-08-10T12:22:32 EDT" skipped="0">
  <testcase classname="me.ebrahimhossain.Locators" name="locateByTagName" time="8.565"/>
</testsuite> <!-- me.ebrahimhossain.Locators -->
