<?xml version="1.0" encoding="UTF-8"?>
<!-- Generated by org.testng.reporters.JUnitReportReporter -->
<testsuite hostname="Md-Ebrahim" failures="0" tests="1" name="me.ebrahimhossain.AssertionExample" time="0.940" errors="0" timestamp="2024-08-11T11:43:37 EDT" skipped="0">
  <testcase classname="me.ebrahimhossain.AssertionExample" name="openURL" time="0.940"/>
</testsuite> <!-- me.ebrahimhossain.AssertionExample -->
